g:\코드\pjserver\server_all\bin\x64_debug\liblz4_static.pdb
g:\코드\pjserver\server_all\bin\x64_debug\liblz4_static.idb
g:\코드\pjserver\server_all\bin\obj\liblz4_x64_debug\lz4.nativecodeanalysis.sarif
g:\코드\pjserver\server_all\bin\obj\liblz4_x64_debug\lz4.nativecodeanalysis.xml
g:\코드\pjserver\server_all\bin\obj\liblz4_x64_debug\lz4frame.nativecodeanalysis.sarif
g:\코드\pjserver\server_all\bin\obj\liblz4_x64_debug\lz4frame.nativecodeanalysis.xml
g:\코드\pjserver\server_all\bin\obj\liblz4_x64_debug\lz4hc.nativecodeanalysis.sarif
g:\코드\pjserver\server_all\bin\obj\liblz4_x64_debug\lz4hc.nativecodeanalysis.xml
g:\코드\pjserver\server_all\bin\obj\liblz4_x64_debug\xxhash.nativecodeanalysis.sarif
g:\코드\pjserver\server_all\bin\obj\liblz4_x64_debug\xxhash.nativecodeanalysis.xml
g:\코드\pjserver\server_all\bin\obj\liblz4_x64_debug\xxhash.obj
g:\코드\pjserver\server_all\bin\obj\liblz4_x64_debug\lz4hc.obj
g:\코드\pjserver\server_all\bin\obj\liblz4_x64_debug\lz4frame.obj
g:\코드\pjserver\server_all\bin\obj\liblz4_x64_debug\lz4.obj
g:\코드\pjserver\server_all\bin\x64_debug\liblz4_static.lib
g:\코드\pjserver\server_all\bin\obj\liblz4_x64_debug\vc.nativecodeanalysis.all.xml
g:\코드\pjserver\server_all\bin\obj\liblz4_x64_debug\liblz4.vcxproj.filelistabsolute.txt
g:\코드\pjserver\server_all\bin\obj\liblz4_x64_debug\liblz4.tlog\cl.command.1.tlog
g:\코드\pjserver\server_all\bin\obj\liblz4_x64_debug\liblz4.tlog\cl.items.tlog
g:\코드\pjserver\server_all\bin\obj\liblz4_x64_debug\liblz4.tlog\cl.read.1.tlog
g:\코드\pjserver\server_all\bin\obj\liblz4_x64_debug\liblz4.tlog\cl.write.1.tlog
g:\코드\pjserver\server_all\bin\obj\liblz4_x64_debug\liblz4.tlog\lib-link.read.1.tlog
g:\코드\pjserver\server_all\bin\obj\liblz4_x64_debug\liblz4.tlog\lib-link.write.1.tlog
g:\코드\pjserver\server_all\bin\obj\liblz4_x64_debug\liblz4.tlog\lib.command.1.tlog
